<?xml version="1.0" encoding="UTF-8"?>
<!-- Generated by org.testng.reporters.JUnitXMLReporter -->
<testsuite ignored="0" hostname="DESKTOP-RJCD5TU" failures="0" tests="23" name="Default test" time="63.207" errors="0" timestamp="2021-03-20T14:08:29 IST">
  <testcase classname="testcases.test" name="clicktravel" time="2.248"/>
  <testcase classname="testcases.test" name="clickcountry" time="0.943"/>
  <testcase classname="testcases.test" name="travelinputclick" time="0.353"/>
  <testcase classname="testcases.test" name="ageselection" time="1.839"/>
  <testcase classname="testcases.test" name="clicknextbutton" time="0.519"/>
  <testcase classname="testcases.test" name="clickdates" time="0.751"/>
  <testcase classname="testcases.test" name="clickproceedbutton" time="2.319"/>
  <testcase classname="testcases.test" name="clicksort" time="2.896"/>
  <testcase classname="testcases.test" name="getnamesandrate" time="0.797"/>
  <testcase classname="testcases.test" name="navigatetohome" time="2.379"/>
  <testcase classname="testcases.test" name="clickcaricon" time="0.387"/>
  <testcase classname="testcases.test" name="proceedbutton" time="2.573"/>
  <testcase classname="testcases.test" name="selectcity" time="0.489"/>
  <testcase classname="testcases.test" name="selectRTO" time="0.305"/>
  <testcase classname="testcases.test" name="selectbrand" time="0.518"/>
  <testcase classname="testcases.test" name="selectcarmodel" time="0.391"/>
  <testcase classname="testcases.test" name="clickfuel" time="0.419"/>
  <testcase classname="testcases.test" name="clickvariant" time="0.36"/>
  <testcase classname="testcases.test" name="clickyear" time="0.425"/>
  <testcase classname="testcases.test" name="fillform" time="1.138"/>
  <testcase classname="testcases.test" name="fetcherror" time="0.508"/>
  <testcase classname="testcases.test" name="mouseaction" time="20.058"/>
  <testcase classname="testcases.test" name="menuitems" time="20.452"/>
</testsuite> <!-- Default test -->
