<?xml version="1.0" encoding="UTF-8"?>
<!-- Generated by org.testng.reporters.JUnitXMLReporter -->
<testsuite ignored="0" hostname="DESKTOP-RJCD5TU" failures="0" tests="24" name="Test" time="65.352" errors="0" timestamp="2021-03-23T18:57:03 IST">
  <testcase classname="testcases.test" name="clicktravel" time="0.511"/>
  <testcase classname="testcases.test" name="clickcountry" time="3.974"/>
  <testcase classname="testcases.test" name="travelinputclick" time="0.441"/>
  <testcase classname="testcases.test" name="ageselection" time="2.091"/>
  <testcase classname="testcases.test" name="clicknextbutton" time="0.5"/>
  <testcase classname="testcases.test" name="clickdates" time="0.81"/>
  <testcase classname="testcases.test" name="clickproceedbutton" time="3.0"/>
  <testcase classname="testcases.test" name="clicksort" time="3.592"/>
  <testcase classname="testcases.test" name="getnamesandrate" time="1.624"/>
  <testcase classname="testcases.test" name="openurl" time="16.532"/>
  <testcase classname="testcases.test" name="clickcaricon" time="4.367"/>
  <testcase classname="testcases.test" name="proceedbutton" time="4.419"/>
  <testcase classname="testcases.test" name="selectcity" time="0.78"/>
  <testcase classname="testcases.test" name="selectRTO" time="0.529"/>
  <testcase classname="testcases.test" name="selectbrand" time="0.871"/>
  <testcase classname="testcases.test" name="selectcarmodel" time="0.914"/>
  <testcase classname="testcases.test" name="clickfuel" time="0.701"/>
  <testcase classname="testcases.test" name="clickvariant" time="0.499"/>
  <testcase classname="testcases.test" name="clickyear" time="0.532"/>
  <testcase classname="testcases.test" name="fillform" time="2.49"/>
  <testcase classname="testcases.test" name="fetcherror" time="1.049"/>
  <testcase classname="testcases.test" name="openhealthurl" time="12.297"/>
  <testcase classname="testcases.test" name="mouseaction" time="0.906"/>
  <testcase classname="testcases.test" name="menuitems" time="1.73"/>
</testsuite> <!-- Test -->
