<?xml version="1.0" encoding="UTF-8"?>
<!-- Generated by org.testng.reporters.JUnitXMLReporter -->
<testsuite ignored="0" hostname="DESKTOP-RJCD5TU" failures="0" tests="24" name="Test" time="42.35" errors="0" timestamp="2021-03-22T18:22:18 IST">
  <testcase classname="testcases.test" name="clicktravel" time="0.581"/>
  <testcase classname="testcases.test" name="clickcountry" time="3.044"/>
  <testcase classname="testcases.test" name="travelinputclick" time="0.513"/>
  <testcase classname="testcases.test" name="ageselection" time="1.914"/>
  <testcase classname="testcases.test" name="clicknextbutton" time="0.489"/>
  <testcase classname="testcases.test" name="clickdates" time="0.914"/>
  <testcase classname="testcases.test" name="clickproceedbutton" time="2.258"/>
  <testcase classname="testcases.test" name="clicksort" time="3.333"/>
  <testcase classname="testcases.test" name="getnamesandrate" time="0.801"/>
  <testcase classname="testcases.test" name="openurl" time="9.381"/>
  <testcase classname="testcases.test" name="clickcaricon" time="2.678"/>
  <testcase classname="testcases.test" name="proceedbutton" time="1.769"/>
  <testcase classname="testcases.test" name="selectcity" time="0.298"/>
  <testcase classname="testcases.test" name="selectRTO" time="0.323"/>
  <testcase classname="testcases.test" name="selectbrand" time="0.496"/>
  <testcase classname="testcases.test" name="selectcarmodel" time="0.473"/>
  <testcase classname="testcases.test" name="clickfuel" time="0.568"/>
  <testcase classname="testcases.test" name="clickvariant" time="0.431"/>
  <testcase classname="testcases.test" name="clickyear" time="0.462"/>
  <testcase classname="testcases.test" name="fillform" time="1.466"/>
  <testcase classname="testcases.test" name="fetcherror" time="0.598"/>
  <testcase classname="testcases.test" name="openhealthurl" time="7.888"/>
  <testcase classname="testcases.test" name="mouseaction" time="0.633"/>
  <testcase classname="testcases.test" name="menuitems" time="0.859"/>
</testsuite> <!-- Test -->
