<?xml version="1.0" encoding="UTF-8"?>
<testng-results ignored="0" total="24" passed="24" failed="0" skipped="0">
  <reporter-output>
  </reporter-output>
  <suite started-at="2021-03-23T18:55:57 IST" name="Suite" finished-at="2021-03-23T18:57:03 IST" duration-ms="65352">
    <groups>
      <group name="smoke">
        <method signature="test.clickcaricon()[pri:11, instance:testcases.test@24fcf36f]" name="clickcaricon" class="testcases.test"/>
        <method signature="test.clickcountry()[pri:2, instance:testcases.test@24fcf36f]" name="clickcountry" class="testcases.test"/>
        <method signature="test.clickdates()[pri:6, instance:testcases.test@24fcf36f]" name="clickdates" class="testcases.test"/>
        <method signature="test.clickfuel()[pri:17, instance:testcases.test@24fcf36f]" name="clickfuel" class="testcases.test"/>
        <method signature="test.clicknextbutton()[pri:5, instance:testcases.test@24fcf36f]" name="clicknextbutton" class="testcases.test"/>
        <method signature="test.clickproceedbutton()[pri:7, instance:testcases.test@24fcf36f]" name="clickproceedbutton" class="testcases.test"/>
        <method signature="test.clicksort()[pri:8, instance:testcases.test@24fcf36f]" name="clicksort" class="testcases.test"/>
        <method signature="test.clicktravel()[pri:1, instance:testcases.test@24fcf36f]" name="clicktravel" class="testcases.test"/>
        <method signature="test.clickvariant()[pri:18, instance:testcases.test@24fcf36f]" name="clickvariant" class="testcases.test"/>
        <method signature="test.clickyear()[pri:19, instance:testcases.test@24fcf36f]" name="clickyear" class="testcases.test"/>
        <method signature="test.fetcherror()[pri:21, instance:testcases.test@24fcf36f]" name="fetcherror" class="testcases.test"/>
        <method signature="test.getnamesandrate()[pri:9, instance:testcases.test@24fcf36f]" name="getnamesandrate" class="testcases.test"/>
        <method signature="test.menuitems()[pri:24, instance:testcases.test@24fcf36f]" name="menuitems" class="testcases.test"/>
        <method signature="test.mouseaction()[pri:23, instance:testcases.test@24fcf36f]" name="mouseaction" class="testcases.test"/>
        <method signature="test.openhealthurl()[pri:22, instance:testcases.test@24fcf36f]" name="openhealthurl" class="testcases.test"/>
        <method signature="test.openurl()[pri:10, instance:testcases.test@24fcf36f]" name="openurl" class="testcases.test"/>
        <method signature="test.proceedbutton()[pri:12, instance:testcases.test@24fcf36f]" name="proceedbutton" class="testcases.test"/>
        <method signature="test.selectRTO()[pri:14, instance:testcases.test@24fcf36f]" name="selectRTO" class="testcases.test"/>
        <method signature="test.selectcarmodel()[pri:16, instance:testcases.test@24fcf36f]" name="selectcarmodel" class="testcases.test"/>
        <method signature="test.selectcity()[pri:13, instance:testcases.test@24fcf36f]" name="selectcity" class="testcases.test"/>
        <method signature="test.travelinputclick()[pri:3, instance:testcases.test@24fcf36f]" name="travelinputclick" class="testcases.test"/>
      </group> <!-- smoke -->
      <group name="Regression">
        <method signature="test.ageselection()[pri:4, instance:testcases.test@24fcf36f]" name="ageselection" class="testcases.test"/>
        <method signature="test.fillform()[pri:20, instance:testcases.test@24fcf36f]" name="fillform" class="testcases.test"/>
        <method signature="test.selectbrand()[pri:15, instance:testcases.test@24fcf36f]" name="selectbrand" class="testcases.test"/>
      </group> <!-- Regression -->
    </groups>
    <test started-at="2021-03-23T18:55:57 IST" name="Test" finished-at="2021-03-23T18:57:03 IST" duration-ms="65352">
      <class name="testcases.test">
        <test-method is-config="true" signature="setup()[pri:0, instance:testcases.test@24fcf36f]" started-at="2021-03-23T18:55:46 IST" name="setup" finished-at="2021-03-23T18:55:57 IST" duration-ms="10875" status="PASS">
          <reporter-output>
          </reporter-output>
        </test-method> <!-- setup -->
        <test-method signature="clicktravel()[pri:1, instance:testcases.test@24fcf36f]" started-at="2021-03-23T18:55:57 IST" name="clicktravel" finished-at="2021-03-23T18:55:58 IST" duration-ms="511" status="PASS">
          <reporter-output>
          </reporter-output>
        </test-method> <!-- clicktravel -->
        <test-method signature="clickcountry()[pri:2, instance:testcases.test@24fcf36f]" started-at="2021-03-23T18:55:58 IST" name="clickcountry" finished-at="2021-03-23T18:56:02 IST" duration-ms="3974" status="PASS">
          <reporter-output>
          </reporter-output>
        </test-method> <!-- clickcountry -->
        <test-method signature="travelinputclick()[pri:3, instance:testcases.test@24fcf36f]" started-at="2021-03-23T18:56:02 IST" name="travelinputclick" finished-at="2021-03-23T18:56:02 IST" duration-ms="441" status="PASS">
          <reporter-output>
          </reporter-output>
        </test-method> <!-- travelinputclick -->
        <test-method signature="ageselection()[pri:4, instance:testcases.test@24fcf36f]" started-at="2021-03-23T18:56:02 IST" name="ageselection" finished-at="2021-03-23T18:56:04 IST" duration-ms="2091" status="PASS">
          <reporter-output>
          </reporter-output>
        </test-method> <!-- ageselection -->
        <test-method signature="clicknextbutton()[pri:5, instance:testcases.test@24fcf36f]" started-at="2021-03-23T18:56:04 IST" name="clicknextbutton" finished-at="2021-03-23T18:56:05 IST" duration-ms="500" status="PASS">
          <reporter-output>
          </reporter-output>
        </test-method> <!-- clicknextbutton -->
        <test-method signature="clickdates()[pri:6, instance:testcases.test@24fcf36f]" started-at="2021-03-23T18:56:05 IST" name="clickdates" finished-at="2021-03-23T18:56:06 IST" duration-ms="810" status="PASS">
          <reporter-output>
          </reporter-output>
        </test-method> <!-- clickdates -->
        <test-method signature="clickproceedbutton()[pri:7, instance:testcases.test@24fcf36f]" started-at="2021-03-23T18:56:06 IST" name="clickproceedbutton" finished-at="2021-03-23T18:56:09 IST" duration-ms="3000" status="PASS">
          <reporter-output>
          </reporter-output>
        </test-method> <!-- clickproceedbutton -->
        <test-method signature="clicksort()[pri:8, instance:testcases.test@24fcf36f]" started-at="2021-03-23T18:56:09 IST" name="clicksort" finished-at="2021-03-23T18:56:12 IST" duration-ms="3592" status="PASS">
          <reporter-output>
          </reporter-output>
        </test-method> <!-- clicksort -->
        <test-method signature="getnamesandrate()[pri:9, instance:testcases.test@24fcf36f]" started-at="2021-03-23T18:56:12 IST" name="getnamesandrate" finished-at="2021-03-23T18:56:14 IST" duration-ms="1624" status="PASS">
          <reporter-output>
          </reporter-output>
        </test-method> <!-- getnamesandrate -->
        <test-method signature="openurl()[pri:10, instance:testcases.test@24fcf36f]" started-at="2021-03-23T18:56:14 IST" name="openurl" finished-at="2021-03-23T18:56:30 IST" duration-ms="16532" status="PASS">
          <reporter-output>
          </reporter-output>
        </test-method> <!-- openurl -->
        <test-method signature="clickcaricon()[pri:11, instance:testcases.test@24fcf36f]" started-at="2021-03-23T18:56:30 IST" name="clickcaricon" finished-at="2021-03-23T18:56:35 IST" duration-ms="4367" status="PASS">
          <reporter-output>
          </reporter-output>
        </test-method> <!-- clickcaricon -->
        <test-method signature="proceedbutton()[pri:12, instance:testcases.test@24fcf36f]" started-at="2021-03-23T18:56:35 IST" name="proceedbutton" finished-at="2021-03-23T18:56:39 IST" duration-ms="4419" status="PASS">
          <reporter-output>
          </reporter-output>
        </test-method> <!-- proceedbutton -->
        <test-method signature="selectcity()[pri:13, instance:testcases.test@24fcf36f]" started-at="2021-03-23T18:56:39 IST" name="selectcity" finished-at="2021-03-23T18:56:40 IST" duration-ms="780" status="PASS">
          <reporter-output>
          </reporter-output>
        </test-method> <!-- selectcity -->
        <test-method signature="selectRTO()[pri:14, instance:testcases.test@24fcf36f]" started-at="2021-03-23T18:56:40 IST" name="selectRTO" finished-at="2021-03-23T18:56:40 IST" duration-ms="529" status="PASS">
          <reporter-output>
          </reporter-output>
        </test-method> <!-- selectRTO -->
        <test-method signature="selectbrand()[pri:15, instance:testcases.test@24fcf36f]" started-at="2021-03-23T18:56:40 IST" name="selectbrand" finished-at="2021-03-23T18:56:41 IST" duration-ms="871" status="PASS">
          <reporter-output>
          </reporter-output>
        </test-method> <!-- selectbrand -->
        <test-method signature="selectcarmodel()[pri:16, instance:testcases.test@24fcf36f]" started-at="2021-03-23T18:56:41 IST" name="selectcarmodel" finished-at="2021-03-23T18:56:42 IST" duration-ms="914" status="PASS">
          <reporter-output>
          </reporter-output>
        </test-method> <!-- selectcarmodel -->
        <test-method signature="clickfuel()[pri:17, instance:testcases.test@24fcf36f]" started-at="2021-03-23T18:56:42 IST" name="clickfuel" finished-at="2021-03-23T18:56:43 IST" duration-ms="701" status="PASS">
          <reporter-output>
          </reporter-output>
        </test-method> <!-- clickfuel -->
        <test-method signature="clickvariant()[pri:18, instance:testcases.test@24fcf36f]" started-at="2021-03-23T18:56:43 IST" name="clickvariant" finished-at="2021-03-23T18:56:43 IST" duration-ms="499" status="PASS">
          <reporter-output>
          </reporter-output>
        </test-method> <!-- clickvariant -->
        <test-method signature="clickyear()[pri:19, instance:testcases.test@24fcf36f]" started-at="2021-03-23T18:56:43 IST" name="clickyear" finished-at="2021-03-23T18:56:44 IST" duration-ms="532" status="PASS">
          <reporter-output>
          </reporter-output>
        </test-method> <!-- clickyear -->
        <test-method signature="fillform()[pri:20, instance:testcases.test@24fcf36f]" started-at="2021-03-23T18:56:44 IST" name="fillform" finished-at="2021-03-23T18:56:46 IST" duration-ms="2490" status="PASS">
          <reporter-output>
          </reporter-output>
        </test-method> <!-- fillform -->
        <test-method signature="fetcherror()[pri:21, instance:testcases.test@24fcf36f]" started-at="2021-03-23T18:56:46 IST" name="fetcherror" finished-at="2021-03-23T18:56:48 IST" duration-ms="1049" status="PASS">
          <reporter-output>
          </reporter-output>
        </test-method> <!-- fetcherror -->
        <test-method signature="openhealthurl()[pri:22, instance:testcases.test@24fcf36f]" started-at="2021-03-23T18:56:48 IST" name="openhealthurl" finished-at="2021-03-23T18:57:00 IST" duration-ms="12297" status="PASS">
          <reporter-output>
          </reporter-output>
        </test-method> <!-- openhealthurl -->
        <test-method signature="mouseaction()[pri:23, instance:testcases.test@24fcf36f]" started-at="2021-03-23T18:57:00 IST" name="mouseaction" finished-at="2021-03-23T18:57:01 IST" duration-ms="906" status="PASS">
          <reporter-output>
          </reporter-output>
        </test-method> <!-- mouseaction -->
        <test-method signature="menuitems()[pri:24, instance:testcases.test@24fcf36f]" started-at="2021-03-23T18:57:01 IST" name="menuitems" finished-at="2021-03-23T18:57:02 IST" duration-ms="1730" status="PASS">
          <reporter-output>
          </reporter-output>
        </test-method> <!-- menuitems -->
        <test-method is-config="true" signature="closebrowser()[pri:0, instance:testcases.test@24fcf36f]" started-at="2021-03-23T18:57:03 IST" name="closebrowser" finished-at="2021-03-23T18:57:04 IST" duration-ms="1751" status="PASS">
          <reporter-output>
          </reporter-output>
        </test-method> <!-- closebrowser -->
      </class> <!-- testcases.test -->
    </test> <!-- Test -->
  </suite> <!-- Suite -->
</testng-results>
